<?xml version="1.0" encoding="UTF-8"?>
<testng-results ignored="1" total="2" passed="1" failed="0" skipped="0">
  <reporter-output>
  </reporter-output>
  <suite started-at="2023-08-02T02:00:58Z" name="Suite" finished-at="2023-08-02T02:01:06Z" duration-ms="8146">
    <groups>
    </groups>
    <test started-at="2023-08-02T02:00:58Z" name="TestPart2" finished-at="2023-08-02T02:01:06Z" duration-ms="8146">
      <class name="Tests.TestHerokuApp">
        <test-method is-config="true" signature="beforeTest(java.lang.String, java.lang.String)[pri:0, instance:Tests.TestHerokuApp@479460a6]" started-at="2023-08-02T02:00:58Z" name="beforeTest" finished-at="2023-08-02T02:00:59Z" duration-ms="1929" status="PASS">
          <params>
            <param index="0">
              <value>
                <![CDATA[chrome]]>
              </value>
            </param>
            <param index="1">
              <value>
                <![CDATA[https://the-internet.herokuapp.com/]]>
              </value>
            </param>
          </params>
          <reporter-output>
          </reporter-output>
        </test-method> <!-- beforeTest -->
        <test-method signature="testHerokuApp2()[pri:0, instance:Tests.TestHerokuApp@479460a6]" started-at="2023-08-02T02:00:59Z" name="testHerokuApp2" finished-at="2023-08-02T02:01:05Z" duration-ms="5584" status="PASS">
          <reporter-output>
          </reporter-output>
        </test-method> <!-- testHerokuApp2 -->
        <test-method is-config="true" signature="afterTest()[pri:0, instance:Tests.TestHerokuApp@479460a6]" started-at="2023-08-02T02:01:05Z" name="afterTest" finished-at="2023-08-02T02:01:06Z" duration-ms="622" status="PASS">
          <reporter-output>
          </reporter-output>
        </test-method> <!-- afterTest -->
      </class> <!-- Tests.TestHerokuApp -->
    </test> <!-- TestPart2 -->
  </suite> <!-- Suite -->
</testng-results>
