<?xml version="1.0" encoding="UTF-8"?>
<testng-results ignored="1" total="2" passed="1" failed="0" skipped="0">
  <reporter-output>
  </reporter-output>
  <suite started-at="2023-08-01T20:43:56 CDT" name="Suite" finished-at="2023-08-01T20:44:04 CDT" duration-ms="8223">
    <groups>
    </groups>
    <test started-at="2023-08-01T20:43:56 CDT" name="TestPart2" finished-at="2023-08-01T20:44:04 CDT" duration-ms="8223">
      <class name="Tests.TestHerokuApp">
        <test-method is-config="true" signature="beforeTest(java.lang.String,java.lang.String)[pri:0, instance:Tests.TestHerokuApp@4310d43]" started-at="2023-08-01T20:43:56 CDT" name="beforeTest" finished-at="2023-08-01T20:43:58 CDT" duration-ms="1957" status="PASS">
          <params>
            <param index="0">
              <value>
                <![CDATA[chrome]]>
              </value>
            </param>
            <param index="1">
              <value>
                <![CDATA[https://the-internet.herokuapp.com/]]>
              </value>
            </param>
          </params>
          <reporter-output>
          </reporter-output>
        </test-method> <!-- beforeTest -->
        <test-method signature="testHerokuApp2()[pri:0, instance:Tests.TestHerokuApp@4310d43]" started-at="2023-08-01T20:43:58 CDT" name="testHerokuApp2" finished-at="2023-08-01T20:44:03 CDT" duration-ms="5713" status="PASS">
          <reporter-output>
          </reporter-output>
        </test-method> <!-- testHerokuApp2 -->
        <test-method is-config="true" signature="afterTest()[pri:0, instance:Tests.TestHerokuApp@4310d43]" started-at="2023-08-01T20:44:03 CDT" name="afterTest" finished-at="2023-08-01T20:44:04 CDT" duration-ms="531" status="PASS">
          <reporter-output>
          </reporter-output>
        </test-method> <!-- afterTest -->
      </class> <!-- Tests.TestHerokuApp -->
    </test> <!-- TestPart2 -->
  </suite> <!-- Suite -->
</testng-results>
